<?xml version="1.0" encoding="UTF-8"?>
<!-- Generated by org.testng.reporters.JUnitReportReporter -->
<testsuite hostname="PUN-LAP-KOTHA" failures="0" tests="1" name="constructors.ps1" time="0.020" errors="0" timestamp="2023-04-21T14:07:16 IST" skipped="0">
  <testcase classname="constructors.ps1" name="childmethod" time="0.020"/>
  <system-out/>
</testsuite> <!-- constructors.ps1 -->
