<?xml version="1.0" encoding="UTF-8"?>
<!-- Generated by org.testng.reporters.JUnitReportReporter -->
<testsuite hostname="PUN-LAP-KOTHA" failures="0" tests="1" name="seliniumStreams.Searchfilter" time="6.717" errors="0" timestamp="2023-04-17T12:19:50 IST" skipped="0">
  <testcase classname="seliniumStreams.Searchfilter" name="stream2" time="6.717"/>
  <system-out/>
</testsuite> <!-- seliniumStreams.Searchfilter -->
