<?xml version="1.0" encoding="UTF-8"?>
<!-- Generated by org.testng.reporters.JUnitReportReporter -->
<testsuite hostname="PUN-LAP-KOTHA" failures="0" tests="1" name="seliniumStreams.SortedStream" time="6.679" errors="0" timestamp="2023-04-17T11:51:36 IST" skipped="0">
  <testcase classname="seliniumStreams.SortedStream" name="stream1" time="6.679"/>
  <system-out/>
</testsuite> <!-- seliniumStreams.SortedStream -->
